<?xml version="1.0" encoding="UTF-8"?>
<Site BuildName="Win32-mingw32-make"
	BuildStamp="20231009-1735-Experimental"
	Name="ZRE"
	Generator="ctest-3.20.21032501-MSVC_2"
	CompilerName="C:/MinGW/bin/g++.exe"
	CompilerVersion="8.1.0"
	OSName="Windows"
	Hostname="ZRE"
	OSRelease=" Personal"
	OSVersion=" (Build 22621)"
	OSPlatform="AMD64"
	Is64Bits="1"
	VendorString="AuthenticAMD"
	VendorID="Advanced Micro Devices"
	FamilyID="15"
	ModelID="0"
	ProcessorCacheSize="64"
	NumberOfLogicalCPU="6"
	NumberOfPhysicalCPU="6"
	TotalVirtualMemory="16923"
	TotalPhysicalMemory="14235"
	LogicalProcessorsPerPhysical="1"
	ProcessorClockFrequency="2370"
	>
	<Testing>
		<StartDateTime>Oct 10 01:37 [NON-UTF-8-BYTE-0xA5]x[NON-UTF-8-BYTE-0xA5]_[NON-UTF-8-BYTE-0xBC]зǮɶ[NON-UTF-8-BYTE-0xA1]</StartDateTime>
		<StartTestTime>1696873073</StartTestTime>
		<TestList/>
		<EndDateTime>Oct 10 01:37 [NON-UTF-8-BYTE-0xA5]x[NON-UTF-8-BYTE-0xA5]_[NON-UTF-8-BYTE-0xBC]зǮɶ[NON-UTF-8-BYTE-0xA1]</EndDateTime>
		<EndTestTime>1696873073</EndTestTime>
		<ElapsedMinutes>0</ElapsedMinutes>
	</Testing>
</Site>
